<?xml version="1.0" encoding="UTF-8"?>
<coverage generated="1420992343">
  <project timestamp="1420992343">
    <package name="Uploader\Helpers">
      <file name="/var/www/phalcon-devtools/phalcon.local/vendor/stanislav-web/phalcon-uploader/src/Uploader/Helpers/Format.php">
        <class name="Format" namespace="Uploader\Helpers" fullPackage="Uploader.Uploader" package="Uploader" subpackage="Uploader">
          <metrics methods="2" coveredmethods="0" conditionals="0" coveredconditionals="0" statements="21" coveredstatements="0" elements="23" coveredelements="0"/>
        </class>
        <line num="45" type="method" name="bytes" crap="2" count="0"/>
        <line num="47" type="stmt" count="0"/>
        <line num="48" type="stmt" count="0"/>
        <line num="49" type="stmt" count="0"/>
        <line num="60" type="method" name="toLatin" crap="20" count="0"/>
        <line num="62" type="stmt" count="0"/>
        <line num="64" type="stmt" count="0"/>
        <line num="65" type="stmt" count="0"/>
        <line num="67" type="stmt" count="0"/>
        <line num="68" type="stmt" count="0"/>
        <line num="69" type="stmt" count="0"/>
        <line num="70" type="stmt" count="0"/>
        <line num="71" type="stmt" count="0"/>
        <line num="73" type="stmt" count="0"/>
        <line num="75" type="stmt" count="0"/>
        <line num="77" type="stmt" count="0"/>
        <line num="78" type="stmt" count="0"/>
        <line num="79" type="stmt" count="0"/>
        <line num="81" type="stmt" count="0"/>
        <line num="83" type="stmt" count="0"/>
        <line num="84" type="stmt" count="0"/>
        <line num="85" type="stmt" count="0"/>
        <line num="87" type="stmt" count="0"/>
        <metrics loc="89" ncloc="54" classes="1" methods="2" coveredmethods="0" conditionals="0" coveredconditionals="0" statements="21" coveredstatements="0" elements="23" coveredelements="0"/>
      </file>
      <file name="/var/www/phalcon-devtools/phalcon.local/vendor/stanislav-web/phalcon-uploader/src/Uploader/Helpers/Message.php">
        <class name="Message" namespace="Uploader\Helpers" fullPackage="Uploader.Uploader" package="Uploader" subpackage="Uploader">
          <metrics methods="1" coveredmethods="0" conditionals="0" coveredconditionals="0" statements="3" coveredstatements="0" elements="4" coveredelements="0"/>
        </class>
        <line num="37" type="method" name="get" crap="6" count="0"/>
        <line num="39" type="stmt" count="0"/>
        <line num="40" type="stmt" count="0"/>
        <line num="42" type="stmt" count="0"/>
        <metrics loc="42" ncloc="20" classes="1" methods="1" coveredmethods="0" conditionals="0" coveredconditionals="0" statements="3" coveredstatements="0" elements="4" coveredelements="0"/>
      </file>
    </package>
    <package name="Uploader">
      <file name="/var/www/phalcon-devtools/phalcon.local/vendor/stanislav-web/phalcon-uploader/src/Uploader/Uploader.php">
        <class name="Uploader" namespace="Uploader" fullPackage="Uploader" package="Uploader">
          <metrics methods="8" coveredmethods="0" conditionals="0" coveredconditionals="0" statements="55" coveredstatements="4" elements="63" coveredelements="4"/>
        </class>
        <line num="65" type="method" name="__construct" crap="2.15" count="1"/>
        <line num="67" type="stmt" count="1"/>
        <line num="69" type="stmt" count="0"/>
        <line num="71" type="stmt" count="0"/>
        <line num="74" type="stmt" count="1"/>
        <line num="77" type="stmt" count="1"/>
        <line num="78" type="stmt" count="1"/>
        <line num="85" type="method" name="getDI" crap="2" count="0"/>
        <line num="87" type="stmt" count="0"/>
        <line num="97" type="method" name="setDI" crap="2" count="0"/>
        <line num="99" type="stmt" count="0"/>
        <line num="102" type="stmt" count="0"/>
        <line num="103" type="stmt" count="0"/>
        <line num="111" type="method" name="setRules" crap="20" count="0"/>
        <line num="114" type="stmt" count="0"/>
        <line num="116" type="stmt" count="0"/>
        <line num="118" type="stmt" count="0"/>
        <line num="119" type="stmt" count="0"/>
        <line num="121" type="stmt" count="0"/>
        <line num="123" type="stmt" count="0"/>
        <line num="125" type="stmt" count="0"/>
        <line num="133" type="method" name="isValid" crap="42" count="0"/>
        <line num="136" type="stmt" count="0"/>
        <line num="138" type="stmt" count="0"/>
        <line num="142" type="stmt" count="0"/>
        <line num="146" type="stmt" count="0"/>
        <line num="148" type="stmt" count="0"/>
        <line num="149" type="stmt" count="0"/>
        <line num="150" type="stmt" count="0"/>
        <line num="151" type="stmt" count="0"/>
        <line num="152" type="stmt" count="0"/>
        <line num="153" type="stmt" count="0"/>
        <line num="155" type="stmt" count="0"/>
        <line num="157" type="stmt" count="0"/>
        <line num="165" type="method" name="move" crap="56" count="0"/>
        <line num="169" type="stmt" count="0"/>
        <line num="171" type="stmt" count="0"/>
        <line num="172" type="stmt" count="0"/>
        <line num="173" type="stmt" count="0"/>
        <line num="175" type="stmt" count="0"/>
        <line num="176" type="stmt" count="0"/>
        <line num="177" type="stmt" count="0"/>
        <line num="178" type="stmt" count="0"/>
        <line num="180" type="stmt" count="0"/>
        <line num="181" type="stmt" count="0"/>
        <line num="183" type="stmt" count="0"/>
        <line num="184" type="stmt" count="0"/>
        <line num="185" type="stmt" count="0"/>
        <line num="187" type="stmt" count="0"/>
        <line num="190" type="stmt" count="0"/>
        <line num="192" type="stmt" count="0"/>
        <line num="194" type="stmt" count="0"/>
        <line num="195" type="stmt" count="0"/>
        <line num="196" type="stmt" count="0"/>
        <line num="197" type="stmt" count="0"/>
        <line num="198" type="stmt" count="0"/>
        <line num="199" type="stmt" count="0"/>
        <line num="200" type="stmt" count="0"/>
        <line num="202" type="stmt" count="0"/>
        <line num="210" type="method" name="getErrors" crap="2" count="0"/>
        <line num="213" type="stmt" count="0"/>
        <line num="221" type="method" name="getInfo" crap="2" count="0"/>
        <line num="224" type="stmt" count="0"/>
        <metrics loc="226" ncloc="123" classes="1" methods="8" coveredmethods="0" conditionals="0" coveredconditionals="0" statements="55" coveredstatements="4" elements="63" coveredelements="4"/>
      </file>
      <file name="/var/www/phalcon-devtools/phalcon.local/vendor/stanislav-web/phalcon-uploader/src/Uploader/Validator.php">
        <class name="Validator" namespace="Uploader" fullPackage="Uploader" package="Uploader">
          <metrics methods="5" coveredmethods="0" conditionals="0" coveredconditionals="0" statements="38" coveredstatements="0" elements="43" coveredelements="0"/>
        </class>
        <line num="32" type="method" name="checkMinsize" crap="12" count="0"/>
        <line num="36" type="stmt" count="0"/>
        <line num="37" type="stmt" count="0"/>
        <line num="38" type="stmt" count="0"/>
        <line num="42" type="stmt" count="0"/>
        <line num="44" type="stmt" count="0"/>
        <line num="45" type="stmt" count="0"/>
        <line num="48" type="stmt" count="0"/>
        <line num="58" type="method" name="checkMaxsize" crap="12" count="0"/>
        <line num="62" type="stmt" count="0"/>
        <line num="63" type="stmt" count="0"/>
        <line num="64" type="stmt" count="0"/>
        <line num="68" type="stmt" count="0"/>
        <line num="70" type="stmt" count="0"/>
        <line num="71" type="stmt" count="0"/>
        <line num="74" type="stmt" count="0"/>
        <line num="84" type="method" name="checkExtensions" crap="12" count="0"/>
        <line num="88" type="stmt" count="0"/>
        <line num="89" type="stmt" count="0"/>
        <line num="90" type="stmt" count="0"/>
        <line num="94" type="stmt" count="0"/>
        <line num="96" type="stmt" count="0"/>
        <line num="98" type="stmt" count="0"/>
        <line num="101" type="stmt" count="0"/>
        <line num="111" type="method" name="checkMimes" crap="12" count="0"/>
        <line num="115" type="stmt" count="0"/>
        <line num="116" type="stmt" count="0"/>
        <line num="117" type="stmt" count="0"/>
        <line num="121" type="stmt" count="0"/>
        <line num="123" type="stmt" count="0"/>
        <line num="125" type="stmt" count="0"/>
        <line num="128" type="stmt" count="0"/>
        <line num="138" type="method" name="checkDirectory" crap="20" count="0"/>
        <line num="142" type="stmt" count="0"/>
        <line num="143" type="stmt" count="0"/>
        <line num="144" type="stmt" count="0"/>
        <line num="148" type="stmt" count="0"/>
        <line num="150" type="stmt" count="0"/>
        <line num="151" type="stmt" count="0"/>
        <line num="154" type="stmt" count="0"/>
        <line num="156" type="stmt" count="0"/>
        <line num="157" type="stmt" count="0"/>
        <line num="160" type="stmt" count="0"/>
        <metrics loc="162" ncloc="94" classes="1" methods="5" coveredmethods="0" conditionals="0" coveredconditionals="0" statements="38" coveredstatements="0" elements="43" coveredelements="0"/>
      </file>
    </package>
    <metrics files="4" loc="519" ncloc="291" classes="4" methods="16" coveredmethods="0" conditionals="0" coveredconditionals="0" statements="117" coveredstatements="4" elements="133" coveredelements="4"/>
  </project>
</coverage>
